<?xml version="1.0" encoding="UTF-8"?>
<!-- Generated by org.testng.reporters.JUnitReportReporter -->
<testsuite skipped="0" hostname="DESKTOP-0ADFHDL" name="tsRoundTrip.roundTripTC" tests="12" failures="0" timestamp="04 Oct 2021 14:09:32 GMT" time="36.258" errors="0">
  <testcase name="testUrl" time="2.674" classname="tsRoundTrip.roundTripTC"/>
  <testcase name="NoLocations" time="0.607" classname="tsRoundTrip.roundTripTC"/>
  <testcase name="NoDestination" time="0.724" classname="tsRoundTrip.roundTripTC"/>
  <testcase name="NoDate" time="0.736" classname="tsRoundTrip.roundTripTC"/>
  <testcase name="NoInsuranceSelected" time="3.568" classname="tsRoundTrip.roundTripTC"/>
  <testcase name="NoName" time="0.656" classname="tsRoundTrip.roundTripTC"/>
  <testcase name="NoTitle" time="0.385" classname="tsRoundTrip.roundTripTC"/>
  <testcase name="NoEmail" time="0.685" classname="tsRoundTrip.roundTripTC"/>
  <testcase name="InvalidEmail" time="0.388" classname="tsRoundTrip.roundTripTC"/>
  <testcase name="NoNumber" time="0.423" classname="tsRoundTrip.roundTripTC"/>
  <testcase name="InvalidNumber" time="0.384" classname="tsRoundTrip.roundTripTC"/>
  <testcase name="ValidNumber" time="25.028" classname="tsRoundTrip.roundTripTC"/>
</testsuite> <!-- tsRoundTrip.roundTripTC -->
