<?xml version="1.0" encoding="UTF-8"?>
<!-- Generated by org.testng.reporters.JUnitReportReporter -->
<testsuite skipped="0" hostname="DESKTOP-H6OT06O" name="signUpTS.signUpTC" tests="11" failures="0" timestamp="19 Oct 2021 04:18:14 GMT" time="76.331" errors="0">
  <testcase name="testUrl" time="10.892" classname="signUpTS.signUpTC"/>
  <testcase name="NoNumber" time="0.818" classname="signUpTS.signUpTC"/>
  <testcase name="Invalid10Digit" time="1.024" classname="signUpTS.signUpTC"/>
  <testcase name="InvalidNumberAlphabets" time="0.933" classname="signUpTS.signUpTC"/>
  <testcase name="InvalidNumberSpecialChar" time="0.845" classname="signUpTS.signUpTC"/>
  <testcase name="InvalidNumber" time="0.713" classname="signUpTS.signUpTC"/>
  <testcase name="InvalidOTP" time="15.878" classname="signUpTS.signUpTC"/>
  <testcase name="InvalidNameWithNumbers" time="31.604" classname="signUpTS.signUpTC"/>
  <testcase name="InvalidNameWithSpecialChar" time="0.641" classname="signUpTS.signUpTC"/>
  <testcase name="InvalidEmail" time="0.629" classname="signUpTS.signUpTC"/>
  <testcase name="ValidCredentials" time="12.354" classname="signUpTS.signUpTC"/>
</testsuite> <!-- signUpTS.signUpTC -->
