<?xml version="1.0" encoding="UTF-8"?>
<!-- Generated by org.testng.reporters.JUnitReportReporter -->
<testsuite skipped="0" hostname="DESKTOP-H6OT06O" name="tsOneWayFlight.FlightTestRunnerOne" tests="10" failures="0" timestamp="20 Oct 2021 05:19:22 GMT" time="41.537" errors="0">
  <testcase name="test1" time="2.880" classname="tsOneWayFlight.FlightTestRunnerOne"/>
  <testcase name="test1" time="3.280" classname="tsOneWayFlight.FlightTestRunnerOne"/>
  <testcase name="test1" time="2.514" classname="tsOneWayFlight.FlightTestRunnerOne"/>
  <testcase name="test1" time="2.773" classname="tsOneWayFlight.FlightTestRunnerOne"/>
  <testcase name="test1" time="2.805" classname="tsOneWayFlight.FlightTestRunnerOne"/>
  <testcase name="test1" time="4.691" classname="tsOneWayFlight.FlightTestRunnerOne"/>
  <testcase name="test1" time="5.064" classname="tsOneWayFlight.FlightTestRunnerOne"/>
  <testcase name="test1" time="2.384" classname="tsOneWayFlight.FlightTestRunnerOne"/>
  <testcase name="test1" time="11.450" classname="tsOneWayFlight.FlightTestRunnerOne"/>
  <testcase name="test1" time="3.696" classname="tsOneWayFlight.FlightTestRunnerOne"/>
</testsuite> <!-- tsOneWayFlight.FlightTestRunnerOne -->
