<?xml version="1.0" encoding="UTF-8"?>
<!-- Generated by org.testng.reporters.JUnitReportReporter -->
<testsuite skipped="0" hostname="DESKTOP-0ADFHDL" name="tsMulticityFlight.Passengers2" tests="1" failures="0" timestamp="04 Oct 2021 14:11:17 GMT" time="4.010" errors="0">
  <testcase name="InfantsMoreThanAdults" time="4.010" classname="tsMulticityFlight.Passengers2"/>
</testsuite> <!-- tsMulticityFlight.Passengers2 -->
