<?xml version="1.0" encoding="UTF-8"?>
<!-- Generated by org.testng.reporters.JUnitReportReporter -->
<testsuite skipped="0" hostname="DESKTOP-H6OT06O" name="hotelTS.HybridRunner" tests="5" failures="0" timestamp="20 Oct 2021 07:04:43 GMT" time="37.912" errors="0">
  <testcase name="Test1" time="9.091" classname="hotelTS.HybridRunner"/>
  <testcase name="test1" time="4.615" classname="hotelTS.HybridRunner"/>
  <testcase name="test1" time="8.386" classname="hotelTS.HybridRunner"/>
  <testcase name="test1" time="7.933" classname="hotelTS.HybridRunner"/>
  <testcase name="test1" time="7.887" classname="hotelTS.HybridRunner"/>
</testsuite> <!-- hotelTS.HybridRunner -->
