<?xml version="1.0" encoding="UTF-8"?>
<!-- Generated by org.testng.reporters.JUnitReportReporter -->
<testsuite skipped="0" hostname="DESKTOP-0ADFHDL" name="tsRoundTrip.Passengers2" tests="1" failures="0" timestamp="04 Oct 2021 14:09:32 GMT" time="6.268" errors="0">
  <testcase name="InfantsMoreThanAdults" time="6.268" classname="tsRoundTrip.Passengers2"/>
</testsuite> <!-- tsRoundTrip.Passengers2 -->
