<?xml version="1.0" encoding="UTF-8"?>
<!-- Generated by org.testng.reporters.JUnitReportReporter -->
<testsuite skipped="0" hostname="DESKTOP-0ADFHDL" name="tsOneWayFlight.oneWayFlightPassengers" tests="1" failures="0" timestamp="04 Oct 2021 14:06:56 GMT" time="5.740" errors="0">
  <testcase name="PassegerLimit" time="5.740" classname="tsOneWayFlight.oneWayFlightPassengers"/>
</testsuite> <!-- tsOneWayFlight.oneWayFlightPassengers -->
