<?xml version="1.0" encoding="UTF-8"?>
<!-- Generated by org.testng.reporters.JUnitReportReporter -->
<testsuite skipped="0" hostname="DESKTOP-0ADFHDL" name="tsMulticityFlight.MulticityPassengers" tests="1" failures="0" timestamp="04 Oct 2021 14:11:17 GMT" time="6.212" errors="0">
  <testcase name="PassengerLimit" time="6.212" classname="tsMulticityFlight.MulticityPassengers"/>
</testsuite> <!-- tsMulticityFlight.MulticityPassengers -->
