<?xml version="1.0" encoding="UTF-8"?>
<!-- Generated by org.testng.reporters.JUnitReportReporter -->
<testsuite skipped="0" hostname="DESKTOP-H6OT06O" name="com.login.LoginTC" tests="8" failures="0" timestamp="20 Oct 2021 06:28:59 GMT" time="67.047" errors="0">
  <testcase name="testUrl" time="10.595" classname="com.login.LoginTC"/>
  <testcase name="InvalidNumber" time="1.958" classname="com.login.LoginTC"/>
  <testcase name="InvalidNumberAlphabets" time="1.201" classname="com.login.LoginTC"/>
  <testcase name="InvalidNumberSpecialChar" time="0.998" classname="com.login.LoginTC"/>
  <testcase name="NoNumber" time="0.649" classname="com.login.LoginTC"/>
  <testcase name="InvalidNumber2" time="0.979" classname="com.login.LoginTC"/>
  <testcase name="InvalidOTP" time="11.051" classname="com.login.LoginTC"/>
  <testcase name="ValidOTP" time="39.616" classname="com.login.LoginTC"/>
</testsuite> <!-- com.login.LoginTC -->
