<?xml version="1.0" encoding="UTF-8"?>
<!-- Generated by org.testng.reporters.JUnitReportReporter -->
<testsuite skipped="0" hostname="DESKTOP-H6OT06O" name="hotelTS.hotelTC" tests="12" failures="0" timestamp="20 Oct 2021 08:34:27 GMT" time="32.825" errors="0">
  <testcase name="Url1" time="7.765" classname="hotelTS.hotelTC"/>
  <testcase name="withoutEnteringLocation" time="2.649" classname="hotelTS.hotelTC"/>
  <testcase name="testingSearchPageWithNoRooms" time="4.119" classname="hotelTS.hotelTC"/>
  <testcase name="testingSearchPageWithNoAdults" time="0.408" classname="hotelTS.hotelTC"/>
  <testcase name="testingSearchPageWithMaxRooms" time="4.260" classname="hotelTS.hotelTC"/>
  <testcase name="testingSearchPageWithMoreThan16Adults" time="1.028" classname="hotelTS.hotelTC"/>
  <testcase name="childLimit" time="0.314" classname="hotelTS.hotelTC"/>
  <testcase name="testingSearchPageWithValidDetails" time="1.185" classname="hotelTS.hotelTC"/>
  <testcase name="bookHotelWithNoName" time="6.523" classname="hotelTS.hotelTC"/>
  <testcase name="bookHotelWithInvalidEmail" time="1.825" classname="hotelTS.hotelTC"/>
  <testcase name="bookHotelWithValidEmail" time="1.304" classname="hotelTS.hotelTC"/>
  <testcase name="bookHotelWithValidDetails" time="1.445" classname="hotelTS.hotelTC"/>
</testsuite> <!-- hotelTS.hotelTC -->
