<?xml version="1.0" encoding="UTF-8"?>
<!-- Generated by org.testng.reporters.JUnitReportReporter -->
<testsuite skipped="0" hostname="DESKTOP-0ADFHDL" name="loginTs.arriveWebsite" tests="1" failures="0" timestamp="30 Sep 2021 09:11:11 GMT" time="2.741" errors="0">
  <testcase name="Test1" time="2.741" classname="loginTs.arriveWebsite"/>
</testsuite> <!-- loginTs.arriveWebsite -->
