<?xml version="1.0" encoding="UTF-8"?>
<!-- Generated by org.testng.reporters.JUnitReportReporter -->
<testsuite skipped="0" hostname="DESKTOP-0ADFHDL" name="tsMulticityFlight.MulticityFlightTC" tests="13" failures="0" timestamp="04 Oct 2021 14:11:17 GMT" time="18.342" errors="0">
  <testcase name="testUrl" time="2.586" classname="tsMulticityFlight.MulticityFlightTC"/>
  <testcase name="NoDestination" time="1.034" classname="tsMulticityFlight.MulticityFlightTC"/>
  <testcase name="NoValidDateForTravel1" time="0.745" classname="tsMulticityFlight.MulticityFlightTC"/>
  <testcase name="NoDestinationCity2" time="0.810" classname="tsMulticityFlight.MulticityFlightTC"/>
  <testcase name="NoValidDateForTravel2" time="0.751" classname="tsMulticityFlight.MulticityFlightTC"/>
  <testcase name="NoTitle" time="4.840" classname="tsMulticityFlight.MulticityFlightTC"/>
  <testcase name="NoFirstName" time="0.663" classname="tsMulticityFlight.MulticityFlightTC"/>
  <testcase name="NoLastName" time="0.338" classname="tsMulticityFlight.MulticityFlightTC"/>
  <testcase name="SameFirstAndLastName" time="0.348" classname="tsMulticityFlight.MulticityFlightTC"/>
  <testcase name="NoEmail" time="0.346" classname="tsMulticityFlight.MulticityFlightTC"/>
  <testcase name="InvalidEmail" time="0.415" classname="tsMulticityFlight.MulticityFlightTC"/>
  <testcase name="NoNumber" time="0.383" classname="tsMulticityFlight.MulticityFlightTC"/>
  <testcase name="ValidCredentials" time="5.083" classname="tsMulticityFlight.MulticityFlightTC"/>
</testsuite> <!-- tsMulticityFlight.MulticityFlightTC -->
